build/outputs/logs/manifest-merger-release-report.txt
-- Merging decision tree log ---
manifest
ADDED from src/androidMain/AndroidManifest.xml:2:1-11:12
INJECTED from src/androidMain/AndroidManifest.xml:2:1-11:12
INJECTED from src/androidMain/AndroidManifest.xml:2:1-11:12
INJECTED from src/androidMain/AndroidManifest.xml:2:1-11:12
INJECTED from src/androidMain/AndroidManifest.xml:2:1-11:12
INJECTED from src/androidMain/AndroidManifest.xml:2:1-11:12
INJECTED from src/androidMain/AndroidManifest.xml:2:1-11:12
	package
		ADDED from src/androidMain/AndroidManifest.xml:3:11-42
		INJECTED from src/androidMain/AndroidManifest.xml
		INJECTED from src/androidMain/AndroidManifest.xml
	android:versionName
		ADDED from src/androidMain/AndroidManifest.xml:5:11-36
		INJECTED from src/androidMain/AndroidManifest.xml
		INJECTED from src/androidMain/AndroidManifest.xml
	xmlns:android
		ADDED from src/androidMain/AndroidManifest.xml:2:11-69
	android:versionCode
		ADDED from src/androidMain/AndroidManifest.xml:4:11-34
		INJECTED from src/androidMain/AndroidManifest.xml
		INJECTED from src/androidMain/AndroidManifest.xml
uses-sdk
ADDED from src/androidMain/AndroidManifest.xml:7:5-44
INJECTED from src/androidMain/AndroidManifest.xml:7:5-44
INJECTED from src/androidMain/AndroidManifest.xml:7:5-44
	android:minSdkVersion
		ADDED from src/androidMain/AndroidManifest.xml:7:15-41
		INJECTED from src/androidMain/AndroidManifest.xml
		INJECTED from src/androidMain/AndroidManifest.xml
application
ADDED from src/androidMain/AndroidManifest.xml:9:5-19